0 info it worked if it ends with ok
1 verbose cli [ 'C:\\Program Files\\nodejs\\node.exe',
1 verbose cli   'C:\\Program Files\\nodejs\\node_modules\\npm\\bin\\npm-cli.js',
1 verbose cli   'run',
1 verbose cli   'watch:server' ]
2 info using npm@4.0.5
3 info using node@v7.4.0
4 verbose run-script [ 'prewatch:server', 'watch:server', 'postwatch:server' ]
5 info lifecycle vscode-eslint@1.4.3~prewatch:server: vscode-eslint@1.4.3
6 silly lifecycle vscode-eslint@1.4.3~prewatch:server: no script for prewatch:server, continuing
7 info lifecycle vscode-eslint@1.4.3~watch:server: vscode-eslint@1.4.3
8 verbose lifecycle vscode-eslint@1.4.3~watch:server: unsafe-perm in lifecycle true
9 verbose lifecycle vscode-eslint@1.4.3~watch:server: PATH: C:\Users\dirkb\AppData\Roaming\nvm\v7.4.0\node_modules\npm\bin\node-gyp-bin;P:\mseng\VSCode\Extensions\eslint\node_modules\.bin;C:\Program Files\ConEmu\ConEmu\Scripts;C:\Program Files\ConEmu;C:\Program Files\ConEmu\ConEmu;C:\Program Files\Common Files\Microsoft Shared\Microsoft Online Services;C:\Program Files (x86)\Common Files\Microsoft Shared\Microsoft Online Services;C:\windows\system32;C:\windows;C:\windows\System32\Wbem;C:\windows\System32\WindowsPowerShell\v1.0\;C:\Users\dirkb\AppData\Roaming\nvm;C:\Program Files\nodejs;C:\Program Files\Git\cmd;C:\Program Files (x86)\Windows Kits\8.1\Windows Performance Toolkit\;C:\Program Files\dotnet\;C:\apps\bin;C:\Users\dirkb\scoop\shims;C:\Users\dirkb\AppData\Local\Microsoft\WindowsApps;C:\Users\dirkb\AppData\Roaming\nvm;C:\Program Files\nodejs;C:\Program Files\Microsoft VS Code Insiders\bin;C:\Program Files\Microsoft VS Code\bin;
10 verbose lifecycle vscode-eslint@1.4.3~watch:server: CWD: P:\mseng\VSCode\Extensions\eslint
11 silly lifecycle vscode-eslint@1.4.3~watch:server: Args: [ '/d /s /c', 'tsc -w -p ./server/tsconfig.json' ]
12 silly lifecycle vscode-eslint@1.4.3~watch:server: Returned: code: 3221225786  signal: null
13 info lifecycle vscode-eslint@1.4.3~watch:server: Failed to exec watch:server script
14 verbose stack Error: vscode-eslint@1.4.3 watch:server: `tsc -w -p ./server/tsconfig.json`
14 verbose stack Exit status 3221225786
14 verbose stack     at EventEmitter.<anonymous> (C:\Users\dirkb\AppData\Roaming\nvm\v7.4.0\node_modules\npm\lib\utils\lifecycle.js:279:16)
14 verbose stack     at emitTwo (events.js:106:13)
14 verbose stack     at EventEmitter.emit (events.js:191:7)
14 verbose stack     at ChildProcess.<anonymous> (C:\Users\dirkb\AppData\Roaming\nvm\v7.4.0\node_modules\npm\lib\utils\spawn.js:40:14)
14 verbose stack     at emitTwo (events.js:106:13)
14 verbose stack     at ChildProcess.emit (events.js:191:7)
14 verbose stack     at maybeClose (internal/child_process.js:885:16)
14 verbose stack     at Process.ChildProcess._handle.onexit (internal/child_process.js:226:5)
15 verbose pkgid vscode-eslint@1.4.3
16 verbose cwd P:\mseng\VSCode\Extensions\eslint
17 error Windows_NT 10.0.16299
18 error argv "C:\\Program Files\\nodejs\\node.exe" "C:\\Program Files\\nodejs\\node_modules\\npm\\bin\\npm-cli.js" "run" "watch:server"
19 error node v7.4.0
20 error npm  v4.0.5
21 error code ELIFECYCLE
22 error vscode-eslint@1.4.3 watch:server: `tsc -w -p ./server/tsconfig.json`
22 error Exit status 3221225786
23 error Failed at the vscode-eslint@1.4.3 watch:server script 'tsc -w -p ./server/tsconfig.json'.
23 error Make sure you have the latest version of node.js and npm installed.
23 error If you do, this is most likely a problem with the vscode-eslint package,
23 error not with npm itself.
23 error Tell the author that this fails on your system:
23 error     tsc -w -p ./server/tsconfig.json
23 error You can get information on how to open an issue for this project with:
23 error     npm bugs vscode-eslint
23 error Or if that isn't available, you can get their info via:
23 error     npm owner ls vscode-eslint
23 error There is likely additional logging output above.
24 verbose exit [ 1, true ]
